

times in msec
 clock   self+sourced   self:  sourced script
 clock   elapsed:              other lines

000.032  000.032: --- NVIM STARTING ---
000.372  000.340: event init
000.587  000.215: early init
000.729  000.142: locale set
000.826  000.097: init first window
001.681  000.854: inits 1
001.717  000.036: window checked
001.726  000.009: parsing arguments
003.293  000.249  000.249: require('vim.shared')
003.689  000.143  000.143: require('vim._meta')
003.696  000.391  000.249: require('vim._editor')
003.701  000.753  000.112: require('vim._init_packages')
003.710  001.231: init lua interpreter
003.801  000.091: expanding arguments
003.958  000.156: inits 2
004.793  000.835: init highlight
004.797  000.004: waiting for UI
007.599  002.802: done waiting for UI
007.642  000.043: init screen for UI
008.159  000.517: init default mappings
008.201  000.042: init default autocommands
010.758  000.168  000.168: sourcing /usr/share/nvim/runtime/ftplugin.vim
011.117  000.093  000.093: sourcing /usr/share/nvim/runtime/indent.vim
011.470  000.269  000.269: sourcing /etc/vim/sysinit.vim
011.745  000.130  000.130: require('config')
012.400  000.645  000.645: require('plugins')
015.602  000.629  000.629: require('packer.util')
015.717  003.304  002.676: require('packer')
018.143  000.643  000.643: require('packer.log')
018.159  001.155  000.512: require('packer.async')
019.086  000.303  000.303: require('packer.result')
019.099  000.934  000.631: require('packer.jobs')
019.116  003.331  001.242: require('packer.plugin_utils')
019.774  000.628  000.628: require('packer.snapshot')
021.134  009.590  001.551: sourcing /home/tinpham/.config/nvim/init.lua
021.164  002.843: sourcing vimrc file(s)
022.371  000.848  000.848: sourcing /usr/share/nvim/runtime/filetype.lua
022.575  000.047  000.047: sourcing /usr/share/nvim/runtime/filetype.vim
023.301  000.360  000.360: sourcing /usr/share/nvim/runtime/syntax/synload.vim
023.677  001.000  000.640: sourcing /usr/share/nvim/runtime/syntax/syntax.vim
027.095  001.500  001.500: sourcing /usr/share/nvim/runtime/plugin/fzf.vim
027.511  000.365  000.365: sourcing /usr/share/nvim/runtime/plugin/gzip.vim
027.575  000.020  000.020: sourcing /usr/share/nvim/runtime/plugin/health.vim
028.497  000.337  000.337: sourcing /usr/share/nvim/runtime/pack/dist/opt/matchit/plugin/matchit.vim
028.693  001.084  000.747: sourcing /usr/share/nvim/runtime/plugin/matchit.vim
029.039  000.311  000.311: sourcing /usr/share/nvim/runtime/plugin/matchparen.vim
029.729  000.649  000.649: sourcing /usr/share/nvim/runtime/plugin/netrwPlugin.vim
030.124  000.021  000.021: sourcing /home/tinpham/.local/share/nvim/rplugin.vim
030.144  000.328  000.307: sourcing /usr/share/nvim/runtime/plugin/rplugin.vim
030.306  000.122  000.122: sourcing /usr/share/nvim/runtime/plugin/shada.vim
030.416  000.048  000.048: sourcing /usr/share/nvim/runtime/plugin/spellfile.vim
030.669  000.207  000.207: sourcing /usr/share/nvim/runtime/plugin/tarPlugin.vim
030.887  000.152  000.152: sourcing /usr/share/nvim/runtime/plugin/tohtml.vim
030.967  000.033  000.033: sourcing /usr/share/nvim/runtime/plugin/tutor.vim
031.324  000.300  000.300: sourcing /usr/share/nvim/runtime/plugin/zipPlugin.vim
033.948  001.115  001.115: require('config.alpha')
034.845  000.012  000.012: require('vim.F')
034.870  000.916  000.904: require('alpha')
035.085  000.211  000.211: require('alpha.themes.dashboard')
035.836  000.680  000.680: require('alpha.fortune')
036.214  000.170  000.170: require('config.rose-pine')
036.726  000.230  000.230: require('rose-pine.util')
036.733  000.513  000.284: require('rose-pine')
038.466  000.826  000.826: require('rose-pine.theme')
038.588  000.117  000.117: require('rose-pine.palette')
041.529  003.947  003.005: sourcing /home/tinpham/.local/share/nvim/site/pack/packer/start/neovim/colors/rose-pine.lua
041.768  010.226  002.673: sourcing /home/tinpham/.config/nvim/plugin/packer_compiled.lua
042.259  000.081  000.081: sourcing /usr/share/nvim/runtime/plugin/man.lua
042.277  003.789: loading rtp plugins
043.336  000.166  000.166: require('mason-core.functional')
043.459  000.092  000.092: require('mason-core.path')
043.579  000.116  000.116: require('mason.settings')
044.040  000.069  000.069: require('mason-core.functional.data')
044.047  000.223  000.154: require('mason-core.functional.function')
044.135  000.074  000.074: require('mason-core.functional.relation')
044.229  000.085  000.085: require('mason-core.functional.logic')
044.282  000.699  000.318: require('mason-core.platform')
044.307  001.359  000.286: require('mason-core.log')
044.853  000.214  000.214: require('mason-core.async')
044.917  000.060  000.060: require('mason-core.async.uv')
044.925  000.616  000.342: require('mason-core.fs')
045.041  000.114  000.114: require('mason-core.optional')
045.141  000.096  000.096: require('mason-core.EventEmitter')
045.402  000.258  000.258: require('mason-registry.index')
045.684  000.273  000.273: require('mason-core.functional.list')
045.697  002.869  000.152: require('mason-registry')
045.703  003.021  000.153: require('mason-tool-installer')
045.719  003.071  000.050: sourcing /home/tinpham/.local/share/nvim/site/pack/packer/start/mason-tool-installer.nvim/plugin/mason-tool-installer.lua
046.951  000.132  000.132: require('illuminate.util')
047.119  000.165  000.165: require('illuminate.config')
047.265  000.143  000.143: require('illuminate.reference')
047.271  000.595  000.155: require('illuminate.highlight')
047.280  000.931  000.336: require('illuminate.engine')
047.635  000.317  000.317: require('illuminate')
047.672  000.013  000.013: require('vim.keymap')
047.735  001.703  000.442: sourcing /home/tinpham/.local/share/nvim/site/pack/packer/start/vim-illuminate/plugin/illuminate.vim
047.879  000.829: loading packages
048.662  000.668  000.668: sourcing /home/tinpham/.config/nvim/after/plugin/defaults.lua
048.777  000.080  000.080: sourcing /home/tinpham/.config/nvim/after/plugin/keymaps.lua
048.781  000.154: loading after plugins
048.793  000.011: inits 3
054.218  005.426: reading ShaDa
054.280  000.062: opening buffers
054.354  000.074: BufEnter autocommands
054.357  000.003: editing files in windows


times in msec
 clock   self+sourced   self:  sourced script
 clock   elapsed:              other lines

000.031  000.031: --- NVIM STARTING ---
000.345  000.314: event init
000.574  000.230: early init
000.700  000.125: locale set
000.793  000.094: init first window
001.587  000.793: inits 1
001.622  000.035: window checked
001.631  000.009: parsing arguments
003.286  000.215  000.215: require('vim.shared')
004.058  000.185  000.185: require('vim._meta')
004.069  000.767  000.582: require('vim._editor')
004.076  001.115  000.133: require('vim._init_packages')
004.088  001.342: init lua interpreter
004.215  000.127: expanding arguments
004.416  000.200: inits 2
005.571  001.155: init highlight
005.577  000.006: waiting for UI
007.995  002.418: done waiting for UI
008.027  000.033: init screen for UI
008.340  000.313: init default mappings
008.387  000.047: init default autocommands
009.782  000.155  000.155: sourcing /usr/share/nvim/runtime/ftplugin.vim
009.957  000.087  000.087: sourcing /usr/share/nvim/runtime/indent.vim
010.316  000.277  000.277: sourcing /etc/vim/sysinit.vim
010.620  000.156  000.156: require('config')
010.969  000.340  000.340: require('plugins')
012.034  000.886  000.886: require('lazy')
012.104  000.035  000.035: require('ffi')
013.049  000.939  000.939: require('lazy.core.cache')
019.852  000.103  000.103: require('lazy.stats')
020.002  000.108  000.108: require('lazy.core.util')
020.130  000.120  000.120: require('lazy.core.config')
020.272  000.051  000.051: require('lazy.core.handler')
020.365  000.087  000.087: require('lazy.core.plugin')
020.378  000.243  000.106: require('lazy.core.loader')
022.532  000.054  000.054: require('lazy.core.handler.event')
022.544  000.231  000.177: require('lazy.core.handler.ft')
022.588  000.039  000.039: require('lazy.core.handler.keys')
022.624  000.030  000.030: require('lazy.core.handler.cmd')
022.873  000.011  000.011: require('vim.keymap')
023.430  000.156  000.156: sourcing /usr/share/nvim/runtime/filetype.lua
025.063  000.073  000.073: require('luasnip.util.types')
025.115  000.047  000.047: require('luasnip.util.ext_opts')
025.288  000.056  000.056: require('luasnip.session')
025.307  000.147  000.091: require('luasnip.util.util')
025.312  000.193  000.046: require('luasnip.extras.filetype_functions')
025.736  001.010  000.697: require('luasnip.config')
025.814  001.242  000.232: sourcing /home/tinpham/.local/share/nvim/lazy/LuaSnip/plugin/luasnip.vim
026.016  000.016  000.016: sourcing /home/tinpham/.local/share/nvim/lazy/LuaSnip/ftdetect/snippets.vim
026.093  000.057  000.057: require('config.luasnip')
026.357  000.172  000.172: require('luasnip.session.snippet_collection')
026.725  000.334  000.334: require('luasnip.util._builtin_vars')
026.811  000.080  000.080: require('vim.inspect')
026.889  000.527  000.113: require('luasnip.util.environ')
026.927  000.035  000.035: require('luasnip.util.extend_decorator')
026.978  000.022  000.022: require('luasnip.loaders._caches')
027.024  000.043  000.043: require('luasnip.util.path')
027.042  000.113  000.048: require('luasnip.loaders')
027.108  000.061  000.061: require('luasnip.util.log')
027.130  001.034  000.126: require('luasnip')
028.009  000.078  000.078: require('luasnip.loaders.util')
028.337  000.055  000.055: require('luasnip.nodes.util')
028.363  000.022  000.022: require('luasnip.util.events')
028.374  000.150  000.072: require('luasnip.nodes.node')
028.517  000.141  000.141: require('luasnip.nodes.insertNode')
028.570  000.050  000.050: require('luasnip.nodes.textNode')
028.607  000.033  000.033: require('luasnip.util.mark')
028.637  000.027  000.027: require('luasnip.util.pattern_tokenizer')
028.663  000.024  000.024: require('luasnip.util.dict')
028.693  000.532  000.108: require('luasnip.nodes.snippet')
028.792  000.028  000.028: require('luasnip.util.parser.neovim_ast')
028.823  000.029  000.029: require('luasnip.util.str')
030.411  000.035  000.035: require('luasnip.util.directed_graph')
030.423  001.692  001.600: require('luasnip.util.parser.ast_utils')
030.523  000.097  000.097: require('luasnip.nodes.functionNode')
030.624  000.070  000.070: require('luasnip.nodes.choiceNode')
030.693  000.066  000.066: require('luasnip.nodes.dynamicNode')
030.717  000.021  000.021: require('luasnip.util.functions')
030.724  002.029  000.082: require('luasnip.util.parser.ast_parser')
030.797  000.072  000.072: require('luasnip.util.parser.neovim_parser')
030.803  002.694  000.061: require('luasnip.util.parser')
030.807  002.794  000.100: require('luasnip.nodes.snippetProxy')
030.812  002.940  000.068: require('luasnip/loaders/from_vscode')
557.720  000.296  000.296: require('cmp.utils.api')
557.813  000.046  000.046: require('cmp.types.cmp')
557.921  000.043  000.043: require('cmp.utils.misc')
557.992  000.176  000.134: require('cmp.types.lsp')
558.015  000.020  000.020: require('cmp.types.vim')
558.017  000.291  000.049: require('cmp.types')
558.039  000.021  000.021: require('cmp.utils.highlight')
558.081  000.018  000.018: require('cmp.utils.debug')
558.087  000.046  000.027: require('cmp.utils.autocmd')
558.314  000.923  000.269: sourcing /home/tinpham/.local/share/nvim/lazy/nvim-cmp/plugin/cmp.lua
558.450  000.063  000.063: require('lspkind')
558.516  000.030  000.030: require('cmp.utils.cache')
558.546  000.093  000.063: require('cmp.config.compare')
558.817  000.063  000.063: require('cmp.utils.char')
558.824  000.108  000.045: require('cmp.utils.str')
558.847  000.021  000.021: require('cmp.utils.pattern')
558.940  000.032  000.032: require('cmp.utils.buffer')
558.948  000.077  000.045: require('cmp.utils.keymap')
558.952  000.104  000.027: require('cmp.utils.feedkeys')
558.990  000.036  000.036: require('cmp.utils.async')
559.020  000.028  000.028: require('cmp.context')
559.133  000.040  000.040: require('cmp.config.mapping')
559.164  000.028  000.028: require('cmp.config.default')
559.181  000.124  000.056: require('cmp.config')
559.266  000.041  000.041: require('cmp.matcher')
559.274  000.092  000.051: require('cmp.entry')
559.286  000.265  000.049: require('cmp.source')
559.339  000.025  000.025: require('cmp.utils.event')
559.415  000.043  000.043: require('cmp.utils.window')
559.419  000.078  000.035: require('cmp.view.docs_view')
559.478  000.058  000.058: require('cmp.view.custom_entries_view')
559.529  000.049  000.049: require('cmp.view.wildmenu_entries_view')
559.565  000.034  000.034: require('cmp.view.native_entries_view')
559.593  000.026  000.026: require('cmp.view.ghost_text_view')
559.605  000.318  000.047: require('cmp.view')
559.665  001.010  000.131: require('cmp.core')
559.776  000.024  000.024: require('cmp.config.sources')
559.797  000.018  000.018: require('cmp.config.window')
559.842  001.231  000.177: require('cmp')
559.941  000.041  000.041: require('cmp_tabnine.config')
559.958  000.114  000.073: require('cmp_tabnine.source')
559.959  001.412  000.068: require('cmp_tabnine')
559.962  001.620  000.052: require('config.cmp')
561.209  000.081  000.081: require('nvim-treesitter.utils')
561.626  000.043  000.043: require('vim.treesitter.language')
561.638  000.197  000.154: require('vim.treesitter.query')
561.685  000.044  000.044: require('vim.treesitter.languagetree')
561.698  000.336  000.095: require('vim.treesitter')
561.944  000.732  000.396: require('nvim-treesitter.parsers')
562.171  000.059  000.059: require('nvim-treesitter.ts_utils')
562.179  000.101  000.042: require('nvim-treesitter.tsrange')
562.204  000.024  000.024: require('nvim-treesitter.caching')
562.219  000.183  000.058: require('nvim-treesitter.query')
562.238  000.262  000.079: require('nvim-treesitter.configs')
562.241  000.296  000.034: require('nvim-treesitter.info')
562.295  000.052  000.052: require('nvim-treesitter.shell_command_selectors')
562.322  001.263  000.102: require('nvim-treesitter.install')
562.347  000.023  000.023: require('nvim-treesitter.statusline')
562.379  000.030  000.030: require('nvim-treesitter.query_predicates')
562.381  001.527  000.212: require('nvim-treesitter')
562.711  001.877  000.350: sourcing /home/tinpham/.local/share/nvim/lazy/nvim-treesitter/plugin/nvim-treesitter.lua
562.763  000.028  000.028: require('config.treesitter')
565.019  000.036  000.036: require('nvim-treesitter.highlight')
565.158  000.041  000.041: require('nvim-treesitter.indent')
565.224  000.027  000.027: require('config.autopairs')
565.341  000.041  000.041: require('nvim-autopairs._log')
565.389  000.046  000.046: require('nvim-autopairs.utils')
565.623  000.065  000.065: require('nvim-autopairs.conds')
565.629  000.154  000.089: require('nvim-autopairs.rule')
565.633  000.242  000.088: require('nvim-autopairs.rules.basic')
565.645  000.419  000.090: require('nvim-autopairs')
566.059  000.031  000.031: require('nvim-autopairs.ts-conds')
566.062  000.064  000.033: require('nvim-autopairs.rules.ts_basic')
566.110  000.047  000.047: require('vim.treesitter.highlighter')
566.732  000.030  000.030: require('nvim-autopairs.completion.handlers')
566.739  006.359  003.789: require('nvim-autopairs.completion.cmp')
567.873  000.072  000.072: require('mason-core.functional')
567.909  000.033  000.033: require('mason-core.path')
567.944  000.033  000.033: require('mason.settings')
568.058  000.021  000.021: require('mason-core.functional.data')
568.067  000.059  000.039: require('mason-core.functional.function')
568.141  000.064  000.064: require('mason-core.functional.relation')
568.196  000.040  000.040: require('mason-core.functional.logic')
568.213  000.267  000.103: require('mason-core.platform')
568.235  000.468  000.063: require('mason-core.log')
568.322  000.051  000.051: require('mason-core.async')
568.344  000.020  000.020: require('mason-core.async.uv')
568.350  000.113  000.042: require('mason-core.fs')
568.379  000.028  000.028: require('mason-core.optional')
568.403  000.022  000.022: require('mason-core.EventEmitter')
568.516  000.112  000.112: require('mason-registry.index')
568.618  000.094  000.094: require('mason-core.functional.list')
568.625  000.894  000.057: require('mason-registry')
568.630  001.188  000.294: require('mason-tool-installer')
568.641  001.215  000.028: sourcing /home/tinpham/.local/share/nvim/lazy/mason-tool-installer.nvim/plugin/mason-tool-installer.lua
569.532  000.046  000.046: require('illuminate.util')
569.584  000.048  000.048: require('illuminate.config')
569.611  000.026  000.026: require('illuminate.reference')
569.616  000.161  000.041: require('illuminate.highlight')
569.622  000.477  000.316: require('illuminate.engine')
569.701  000.058  000.058: require('illuminate')
569.850  000.817  000.281: sourcing /home/tinpham/.local/share/nvim/lazy/vim-illuminate/plugin/illuminate.vim
570.914  000.087  000.087: require('vim.lsp.log')
571.296  000.006  000.006: require('vim.F')
571.299  000.382  000.376: require('vim.lsp.protocol')
571.595  000.177  000.177: require('vim.lsp._snippet')
571.645  000.048  000.048: require('vim.highlight')
571.663  000.362  000.138: require('vim.lsp.util')
571.677  000.939  000.108: require('vim.lsp.handlers')
571.815  000.137  000.137: require('vim.lsp.rpc')
571.880  000.061  000.061: require('vim.lsp.sync')
571.960  000.077  000.077: require('vim.lsp.buf')
571.996  000.035  000.035: require('vim.lsp.diagnostic')
572.036  000.037  000.037: require('vim.lsp.codelens')
572.136  001.764  000.477: require('vim.lsp')
572.170  001.829  000.065: sourcing /home/tinpham/.local/share/nvim/lazy/nvim-lspconfig/plugin/lspconfig.lua
572.255  000.028  000.028: require('schemastore')
573.370  001.112  001.112: require('schemastore.catalog')
574.221  000.039  000.039: require('cmp_nvim_lsp.source')
574.234  000.086  000.047: require('cmp_nvim_lsp')
574.304  000.036  000.036: require('config.lsp.handlers')
574.328  002.134  000.872: require('config.lsp')
574.472  000.053  000.053: require('null-ls.utils')
574.712  000.236  000.236: require('vim.diagnostic')
574.725  000.336  000.047: require('null-ls.config')
574.775  000.023  000.023: require('null-ls.helpers.cache')
574.817  000.040  000.040: require('null-ls.helpers.diagnostics')
574.841  000.022  000.022: require('null-ls.helpers.formatter_factory')
574.927  000.042  000.042: require('null-ls.logger')
574.965  000.037  000.037: require('null-ls.state')
574.987  000.145  000.066: require('null-ls.helpers.generator_factory')
575.048  000.031  000.031: require('null-ls.helpers.command_resolver')
575.050  000.061  000.030: require('null-ls.helpers.make_builtin')
575.085  000.033  000.033: require('null-ls.helpers.range_formatting_args_factory')
575.086  000.359  000.035: require('null-ls.helpers')
575.253  000.086  000.086: require('null-ls.methods')
575.259  000.133  000.047: require('null-ls.diagnostics')
575.276  000.188  000.055: require('null-ls.sources')
575.308  000.029  000.029: require('null-ls.builtins')
575.311  000.950  000.038: require('null-ls')
575.414  000.101  000.101: require('null-ls.builtins.formatting.prettierd')
575.457  000.040  000.040: require('null-ls.builtins.formatting.eslint_d')
575.521  000.061  000.061: require('null-ls.builtins.formatting.shfmt')
575.568  000.044  000.044: require('null-ls.builtins.formatting.fixjson')
575.666  000.094  000.094: require('null-ls.builtins.formatting.clang_format')
575.710  000.039  000.039: require('null-ls.builtins.formatting.sqlfluff')
575.749  000.037  000.037: require('null-ls.builtins.formatting.stylua')
575.878  000.104  000.104: require('null-ls.builtins.diagnostics.eslint')
575.929  000.177  000.073: require('null-ls.builtins.diagnostics.eslint_d')
576.009  000.077  000.077: require('null-ls.builtins.diagnostics.sqlfluff')
576.134  000.078  000.078: require('null-ls.builtins.diagnostics.selene')
576.235  000.042  000.042: require('null-ls.builtins.diagnostics.shellcheck')
576.446  000.170  000.170: require('null-ls.builtins.code_actions.eslint')
576.466  000.215  000.045: require('null-ls.builtins.code_actions.eslint_d')
576.531  000.062  000.062: require('null-ls.builtins.hover.dictionary')
576.534  002.204  000.186: require('config.lsp.null-ls')
577.189  000.056  000.056: require('null-ls.client')
577.239  000.030  000.030: require('config.lsp.installer')
577.422  000.121  000.121: require('lspconfig.util')
577.426  000.160  000.039: require('lspconfig.configs')
577.428  000.187  000.027: require('lspconfig')
577.469  000.040  000.040: require('config.icons')
577.514  000.043  000.043: require('mason')
577.736  000.066  000.066: require('mason.api.command')
577.794  000.042  000.042: require('mason-lspconfig')
577.859  000.024  000.024: require('mason-lspconfig.settings')
577.895  000.030  000.030: require('mason-lspconfig.lspconfig_hook')
577.997  000.048  000.048: require('mason-core.functional.table')
578.051  000.154  000.106: require('mason-lspconfig.mappings.server')
578.084  000.028  000.028: require('mason-lspconfig.server_config_extensions')
578.117  000.032  000.032: require('lspconfig.server_configurations.omnisharp')
578.214  000.018  000.018: require('mason-core.notify')
578.216  000.045  000.027: require('mason-lspconfig.ensure_installed')
578.331  000.037  000.037: require('mason-core.result')
578.525  000.124  000.124: require('mason-core.process')
578.602  000.232  000.108: require('mason-core.spawn')
578.651  000.047  000.047: require('mason-core.receipt')
578.691  000.031  000.031: require('mason-core.functional.string')
578.708  000.375  000.065: require('mason-core.installer.context')
578.735  000.025  000.025: require('mason-core.installer.linker')
578.767  000.031  000.031: require('mason-core.async.control')
578.773  000.518  000.050: require('mason-core.installer')
578.814  000.041  000.041: require('mason-core.installer.handle')
578.992  000.057  000.057: require('mason-core.managers.powershell')
578.995  000.099  000.042: require('mason-core.fetch')
578.997  000.125  000.026: require('mason-core.managers.cargo.client')
579.081  000.053  000.053: require('mason-core.managers.std')
579.134  000.025  000.025: require('mason-core.providers')
579.144  000.062  000.037: require('mason-core.managers.github.client')
579.151  000.153  000.038: require('mason-core.managers.github')
579.198  000.358  000.080: require('mason-core.managers.cargo')
579.350  000.150  000.150: require('mason-core.managers.composer')
579.478  000.126  000.126: require('mason-core.managers.gem')
579.589  000.065  000.065: require('mason-core.managers.git')
579.659  000.067  000.067: require('mason-core.managers.go')
579.778  000.117  000.117: require('mason-core.managers.luarocks')
579.839  000.059  000.059: require('mason-core.managers.npm')
579.886  000.045  000.045: require('mason-core.managers.pip3')
579.894  001.077  000.090: require('mason-core.package.version-check')
579.900  001.683  000.047: require('mason-core.package')
579.978  000.069  000.069: require('mason-registry.json-lsp')
580.135  000.036  000.036: require('mason-registry.lua-language-server')
580.173  000.028  000.028: require('mason-registry.cucumber-language-server')
580.210  000.030  000.030: require('mason-registry.typescript-language-server')
580.244  000.025  000.025: require('mason-registry.vim-language-server')
580.308  000.042  000.042: require('mason-registry.angular-language-server')
580.359  000.043  000.043: require('mason-registry.jdtls')
580.391  000.025  000.025: require('mason-registry.sqls')
580.456  000.027  000.027: require('mason-core.functional.number')
580.476  000.081  000.053: require('mason-lspconfig.api.command')
580.679  000.035  000.035: require('lspconfig.server_configurations.jsonls')
581.389  000.152  000.152: require('lspconfig.server_configurations.angularls')
581.607  000.062  000.062: require('mason-lspconfig.server_configurations.angularls')
581.711  000.032  000.032: require('lspconfig.server_configurations.cucumber_language_server')
582.020  000.051  000.051: require('lspconfig.server_configurations.jdtls')
582.384  000.037  000.037: require('lspconfig.server_configurations.vimls')
583.191  000.252  000.252: require('typescript.config')
583.369  000.021  000.021: require('typescript.types.methods')
583.391  000.019  000.019: require('typescript.utils')
583.392  000.078  000.038: require('typescript.execute-command')
583.411  000.018  000.018: require('typescript.types.workspace-commands')
583.414  000.166  000.070: require('typescript.go-to-source-definition')
583.481  000.066  000.066: require('typescript.rename-file')
583.534  000.052  000.052: require('typescript.source-actions')
583.537  000.317  000.033: require('typescript.commands')
583.571  000.020  000.020: require('typescript.handlers')
583.602  000.028  000.028: require('lspconfig.server_configurations.tsserver')
583.619  000.425  000.059: require('typescript.lsp')
583.621  000.889  000.213: require('typescript')
583.992  000.045  000.045: require('lspconfig.server_configurations.sumneko_lua')
584.035  000.027  000.027: require('neodev')
584.064  000.026  000.026: require('neodev.config')
584.121  000.025  000.025: require('neodev.util')
584.126  000.056  000.030: require('neodev.lsp')
584.517  000.050  000.050: require('lspconfig.server_configurations.sqls')
584.917  000.057  000.057: require('lspconfig.server_configurations.yamlls')
585.762  000.305  000.305: require('config.alpha')
585.857  000.092  000.092: require('alpha')
585.915  000.055  000.055: require('alpha.themes.dashboard')
586.455  000.289  000.289: require('config.rose-pine')
586.575  000.087  000.087: require('rose-pine.util')
586.580  000.122  000.036: require('rose-pine')
587.728  000.166  000.166: require('rose-pine.theme')
587.814  000.083  000.083: require('rose-pine.palette')
590.171  002.685  002.436: sourcing /home/tinpham/.local/share/nvim/lazy/neovim/colors/rose-pine.lua
590.549  000.065  000.065: sourcing /home/tinpham/.local/share/nvim/lazy/plenary.nvim/plugin/plenary.vim
590.975  000.037  000.037: sourcing /home/tinpham/.local/share/nvim/lazy/nvim-web-devicons/plugin/nvim-web-devicons.vim
591.354  000.357  000.357: require('config.web-devicons')
591.744  000.387  000.387: require('nvim-web-devicons')
592.642  000.444  000.444: sourcing /usr/share/nvim/runtime/plugin/fzf.vim
592.784  000.117  000.117: sourcing /usr/share/nvim/runtime/plugin/gzip.vim
592.813  000.007  000.007: sourcing /usr/share/nvim/runtime/plugin/health.vim
592.867  000.036  000.036: sourcing /usr/share/nvim/runtime/plugin/man.lua
593.235  000.119  000.119: sourcing /usr/share/nvim/runtime/pack/dist/opt/matchit/plugin/matchit.vim
593.300  000.411  000.292: sourcing /usr/share/nvim/runtime/plugin/matchit.vim
593.421  000.101  000.101: sourcing /usr/share/nvim/runtime/plugin/matchparen.vim
593.743  000.303  000.303: sourcing /usr/share/nvim/runtime/plugin/netrwPlugin.vim
593.876  000.006  000.006: sourcing /home/tinpham/.local/share/nvim/rplugin.vim
593.882  000.106  000.100: sourcing /usr/share/nvim/runtime/plugin/rplugin.vim
593.945  000.040  000.040: sourcing /usr/share/nvim/runtime/plugin/shada.vim
593.986  000.016  000.016: sourcing /usr/share/nvim/runtime/plugin/spellfile.vim
594.080  000.072  000.072: sourcing /usr/share/nvim/runtime/plugin/tarPlugin.vim
594.163  000.054  000.054: sourcing /usr/share/nvim/runtime/plugin/tohtml.vim
594.200  000.013  000.013: sourcing /usr/share/nvim/runtime/plugin/tutor.vim
594.324  000.102  000.102: sourcing /usr/share/nvim/runtime/plugin/zipPlugin.vim
594.605  000.020  000.020: sourcing /home/tinpham/.local/share/nvim/lazy/cmp-tabnine/after/plugin/cmp-tabnine.lua
594.972  000.312  000.312: require('cmp_nvim_lsp_signature_help')
594.997  000.350  000.038: sourcing /home/tinpham/.local/share/nvim/lazy/cmp-nvim-lsp-signature-help/after/plugin/cmp_nvim_lsp_signature_help.lua
595.098  000.033  000.033: require('cmp_emoji')
595.115  000.065  000.032: sourcing /home/tinpham/.local/share/nvim/lazy/cmp-emoji/after/plugin/cmp_emoji.lua
595.203  000.034  000.034: require('cmp-spell')
595.217  000.061  000.027: sourcing /home/tinpham/.local/share/nvim/lazy/cmp-spell/after/plugin/cmp-spell.lua
595.328  000.055  000.055: require('cmp_calc')
595.343  000.082  000.027: sourcing /home/tinpham/.local/share/nvim/lazy/cmp-calc/after/plugin/cmp_calc.lua
595.465  000.070  000.070: require('cmp_cmdline')
595.485  000.103  000.033: sourcing /home/tinpham/.local/share/nvim/lazy/cmp-cmdline/after/plugin/cmp_cmdline.lua
595.680  000.065  000.065: require('cmp_path')
595.699  000.100  000.035: sourcing /home/tinpham/.local/share/nvim/lazy/cmp-path/after/plugin/cmp_path.lua
595.939  000.084  000.084: require('cmp_buffer.timer')
595.945  000.129  000.045: require('cmp_buffer.buffer')
595.949  000.166  000.037: require('cmp_buffer.source')
595.951  000.192  000.026: require('cmp_buffer')
595.968  000.224  000.032: sourcing /home/tinpham/.local/share/nvim/lazy/cmp-buffer/after/plugin/cmp_buffer.lua
596.131  000.100  000.100: require('cmp_luasnip')
596.194  000.180  000.079: sourcing /home/tinpham/.local/share/nvim/lazy/cmp_luasnip/after/plugin/cmp_luasnip.lua
596.266  000.026  000.026: sourcing /home/tinpham/.local/share/nvim/lazy/cmp-nvim-lsp/after/plugin/cmp_nvim_lsp.lua
596.855  000.533  000.533: sourcing /home/tinpham/.config/nvim/after/plugin/defaults.lua
596.936  000.046  000.046: sourcing /home/tinpham/.config/nvim/after/plugin/keymaps.lua
596.993  586.594  548.443: sourcing /home/tinpham/.config/nvim/init.lua
597.000  001.501: sourcing vimrc file(s)
597.175  000.020  000.020: sourcing /usr/share/nvim/runtime/filetype.lua
597.204  000.012  000.012: sourcing /usr/share/nvim/runtime/filetype.vim
597.430  000.059  000.059: sourcing /usr/share/nvim/runtime/syntax/synload.vim
597.560  000.284  000.224: sourcing /usr/share/nvim/runtime/syntax/syntax.vim
597.584  000.267: inits 3
602.518  004.934: reading ShaDa
602.700  000.105  000.105: require('luasnip.loaders.from_lua')
602.795  000.062  000.062: require('luasnip.loaders.from_snipmate')
602.884  000.055  000.055: require('luasnip.loaders.from_vscode')
603.081  000.341: opening buffers
603.236  000.155: BufEnter autocommands
603.239  000.003: editing files in windows
603.457  000.162  000.162: require('mason-core.terminator')


times in msec
 clock   self+sourced   self:  sourced script
 clock   elapsed:              other lines

000.033  000.033: --- NVIM STARTING ---
000.403  000.370: event init
000.638  000.235: early init
000.765  000.126: locale set
000.870  000.105: init first window
001.251  000.382: inits 1
001.260  000.009: window checked
001.263  000.003: parsing arguments
001.701  000.055  000.055: require('vim.shared')
001.783  000.030  000.030: require('vim._meta')
001.785  000.081  000.051: require('vim._editor')
001.786  000.160  000.023: require('vim._init_packages')
001.788  000.365: init lua interpreter
001.815  000.027: expanding arguments
001.853  000.038: inits 2
002.087  000.234: init highlight
002.088  000.001: waiting for UI
002.793  000.705: done waiting for UI
002.804  000.011: init screen for UI
002.893  000.089: init default mappings
002.902  000.009: init default autocommands
003.291  000.041  000.041: sourcing /usr/share/nvim/runtime/ftplugin.vim
003.336  000.022  000.022: sourcing /usr/share/nvim/runtime/indent.vim
003.424  000.069  000.069: sourcing /etc/vim/sysinit.vim
003.507  000.046  000.046: require('config')
003.543  000.034  000.034: require('plugins')
003.909  000.298  000.298: require('lazy')
003.962  000.039  000.039: require('ffi')
004.347  000.383  000.383: require('lazy.core.cache')
007.482  000.048  000.048: require('lazy.stats')
007.532  000.034  000.034: require('lazy.core.util')
007.575  000.041  000.041: require('lazy.core.config')
007.619  000.016  000.016: require('lazy.core.handler')
007.663  000.043  000.043: require('lazy.core.plugin')
007.669  000.093  000.034: require('lazy.core.loader')
007.926  000.046  000.046: require('plugins')
008.165  000.020  000.020: require('plugins.alpha')
008.228  000.046  000.046: require('plugins')
008.830  000.022  000.022: require('plugins.nvim-tree')
009.454  000.135  000.135: require('lazy.core.handler.keys')
009.506  000.043  000.043: require('lazy.core.handler.cmd')
009.624  000.078  000.078: require('lazy.core.handler.event')
009.629  000.120  000.042: require('lazy.core.handler.ft')
009.711  000.009  000.009: require('vim.keymap')
010.080  000.080  000.080: sourcing /usr/share/nvim/runtime/filetype.lua
010.394  000.035  000.035: sourcing /home/tinpham/.local/share/nvim/lazy/nvim-web-devicons/plugin/nvim-web-devicons.vim
010.516  000.104  000.104: require('config.web-devicons')
010.683  000.006  000.006: require('vim.F')
010.688  000.169  000.163: require('nvim-web-devicons')
011.143  000.176  000.176: require('config.rose-pine')
011.367  000.192  000.192: require('rose-pine.util')
011.371  000.225  000.033: require('rose-pine')
012.056  000.074  000.074: require('rose-pine.theme')
012.084  000.024  000.024: require('rose-pine.palette')
014.018  002.063  001.965: sourcing /home/tinpham/.local/share/nvim/lazy/neovim/colors/rose-pine.lua
015.080  000.022  000.022: require('luasnip.util.types')
015.105  000.021  000.021: require('luasnip.util.ext_opts')
015.176  000.018  000.018: require('luasnip.session')
015.185  000.061  000.043: require('luasnip.util.util')
015.187  000.080  000.020: require('luasnip.extras.filetype_functions')
015.438  000.591  000.467: require('luasnip.config')
015.480  000.725  000.135: sourcing /home/tinpham/.local/share/nvim/lazy/LuaSnip/plugin/luasnip.vim
015.534  000.011  000.011: sourcing /home/tinpham/.local/share/nvim/lazy/LuaSnip/ftdetect/snippets.vim
015.567  000.021  000.021: require('config.luasnip')
015.739  000.081  000.081: require('luasnip.session.snippet_collection')
016.197  000.416  000.416: require('luasnip.util._builtin_vars')
016.238  000.037  000.037: require('vim.inspect')
016.267  000.526  000.073: require('luasnip.util.environ')
016.294  000.025  000.025: require('luasnip.util.extend_decorator')
016.341  000.017  000.017: require('luasnip.loaders._caches')
016.378  000.035  000.035: require('luasnip.util.path')
016.391  000.095  000.043: require('luasnip.loaders')
016.441  000.046  000.046: require('luasnip.util.log')
016.456  000.887  000.115: require('luasnip')
016.843  000.025  000.025: require('luasnip.loaders.util')
017.040  000.023  000.023: require('luasnip.nodes.util')
017.058  000.016  000.016: require('luasnip.util.events')
017.066  000.079  000.040: require('luasnip.nodes.node')
017.191  000.124  000.124: require('luasnip.nodes.insertNode')
017.225  000.031  000.031: require('luasnip.nodes.textNode')
017.251  000.024  000.024: require('luasnip.util.mark')
017.275  000.022  000.022: require('luasnip.util.pattern_tokenizer')
017.292  000.015  000.015: require('luasnip.util.dict')
017.345  000.405  000.112: require('luasnip.nodes.snippet')
017.494  000.024  000.024: require('luasnip.util.parser.neovim_ast')
017.553  000.056  000.056: require('luasnip.util.str')
018.942  000.051  000.051: require('luasnip.util.directed_graph')
018.950  001.523  001.391: require('luasnip.util.parser.ast_utils')
019.024  000.072  000.072: require('luasnip.nodes.functionNode')
019.146  000.120  000.120: require('luasnip.nodes.choiceNode')
019.192  000.043  000.043: require('luasnip.nodes.dynamicNode')
019.212  000.018  000.018: require('luasnip.util.functions')
019.216  001.870  000.094: require('luasnip.util.parser.ast_parser')
019.275  000.057  000.057: require('luasnip.util.parser.neovim_parser')
019.280  002.368  000.035: require('luasnip.util.parser')
019.283  002.412  000.044: require('luasnip.nodes.snippetProxy')
019.288  002.505  000.068: require('luasnip/loaders/from_vscode')
487.379  000.296  000.296: require('cmp.utils.api')
487.449  000.036  000.036: require('cmp.types.cmp')
487.525  000.039  000.039: require('cmp.utils.misc')
487.541  000.090  000.051: require('cmp.types.lsp')
487.560  000.018  000.018: require('cmp.types.vim')
487.562  000.177  000.034: require('cmp.types')
487.612  000.048  000.048: require('cmp.utils.highlight')
487.679  000.031  000.031: require('cmp.utils.debug')
487.684  000.071  000.040: require('cmp.utils.autocmd')
487.915  000.866  000.273: sourcing /home/tinpham/.local/share/nvim/lazy/nvim-cmp/plugin/cmp.lua
488.069  000.055  000.055: require('lspkind')
488.134  000.025  000.025: require('cmp.utils.cache')
488.141  000.069  000.044: require('cmp.config.compare')
488.352  000.053  000.053: require('cmp.utils.char')
488.358  000.092  000.039: require('cmp.utils.str')
488.378  000.019  000.019: require('cmp.utils.pattern')
488.454  000.023  000.023: require('cmp.utils.buffer')
488.460  000.060  000.037: require('cmp.utils.keymap')
488.464  000.085  000.025: require('cmp.utils.feedkeys')
488.497  000.031  000.031: require('cmp.utils.async')
488.523  000.024  000.024: require('cmp.context')
488.689  000.039  000.039: require('cmp.config.mapping')
488.718  000.027  000.027: require('cmp.config.default')
488.734  000.143  000.077: require('cmp.config')
488.806  000.033  000.033: require('cmp.matcher')
488.812  000.077  000.044: require('cmp.entry')
488.819  000.295  000.075: require('cmp.source')
488.867  000.022  000.022: require('cmp.utils.event')
488.952  000.061  000.061: require('cmp.utils.window')
488.954  000.086  000.025: require('cmp.view.docs_view')
489.026  000.070  000.070: require('cmp.view.custom_entries_view')
489.068  000.041  000.041: require('cmp.view.wildmenu_entries_view')
489.108  000.039  000.039: require('cmp.view.native_entries_view')
489.135  000.025  000.025: require('cmp.view.ghost_text_view')
489.145  000.325  000.042: require('cmp.view')
489.373  001.170  000.299: require('cmp.core')
489.516  000.033  000.033: require('cmp.config.sources')
489.539  000.020  000.020: require('cmp.config.window')
489.595  001.431  000.208: require('cmp')
489.672  000.028  000.028: require('cmp_tabnine.config')
489.688  000.091  000.062: require('cmp_tabnine.source')
489.689  001.547  000.026: require('cmp_tabnine')
489.691  001.734  000.063: require('config.cmp')
491.180  000.068  000.068: require('nvim-treesitter.utils')
491.485  000.026  000.026: require('vim.treesitter.language')
491.495  000.095  000.069: require('vim.treesitter.query')
491.540  000.043  000.043: require('vim.treesitter.languagetree')
491.551  000.217  000.079: require('vim.treesitter')
491.816  000.633  000.416: require('nvim-treesitter.parsers')
492.139  000.043  000.043: require('nvim-treesitter.ts_utils')
492.145  000.087  000.044: require('nvim-treesitter.tsrange')
492.167  000.021  000.021: require('nvim-treesitter.caching')
492.179  000.186  000.079: require('nvim-treesitter.query')
492.196  000.293  000.107: require('nvim-treesitter.configs')
492.199  000.332  000.039: require('nvim-treesitter.info')
492.248  000.048  000.048: require('nvim-treesitter.shell_command_selectors')
492.274  001.226  000.144: require('nvim-treesitter.install')
492.308  000.033  000.033: require('nvim-treesitter.statusline')
492.404  000.094  000.094: require('nvim-treesitter.query_predicates')
492.407  001.660  000.308: require('nvim-treesitter')
492.781  002.054  000.393: sourcing /home/tinpham/.local/share/nvim/lazy/nvim-treesitter/plugin/nvim-treesitter.lua
492.833  000.028  000.028: require('config.treesitter')
495.048  000.074  000.074: require('nvim-treesitter.indent')
495.174  000.027  000.027: require('nvim-treesitter.highlight')
495.245  000.026  000.026: require('config.autopairs')
495.338  000.036  000.036: require('nvim-autopairs._log')
495.377  000.038  000.038: require('nvim-autopairs.utils')
495.483  000.044  000.044: require('nvim-autopairs.conds')
495.490  000.082  000.037: require('nvim-autopairs.rule')
495.492  000.113  000.031: require('nvim-autopairs.rules.basic')
495.501  000.254  000.068: require('nvim-autopairs')
495.861  000.037  000.037: require('nvim-autopairs.ts-conds')
495.864  000.073  000.036: require('nvim-autopairs.rules.ts_basic')
495.909  000.044  000.044: require('vim.treesitter.highlighter')
496.505  000.041  000.041: require('nvim-autopairs.completion.handlers')
496.511  006.131  003.510: require('nvim-autopairs.completion.cmp')
497.728  000.065  000.065: require('mason-core.functional')
497.759  000.027  000.027: require('mason-core.path')
497.797  000.037  000.037: require('mason.settings')
497.901  000.021  000.021: require('mason-core.functional.data')
497.908  000.055  000.034: require('mason-core.functional.function')
497.980  000.056  000.056: require('mason-core.functional.relation')
498.078  000.078  000.078: require('mason-core.functional.logic')
498.097  000.298  000.109: require('mason-core.platform')
498.120  000.490  000.062: require('mason-core.log')
498.216  000.043  000.043: require('mason-core.async')
498.239  000.021  000.021: require('mason-core.async.uv')
498.247  000.126  000.061: require('mason-core.fs')
498.277  000.029  000.029: require('mason-core.optional')
498.301  000.022  000.022: require('mason-core.EventEmitter')
498.407  000.105  000.105: require('mason-registry.index')
498.501  000.087  000.087: require('mason-core.functional.list')
498.511  000.911  000.054: require('mason-registry')
498.515  001.177  000.266: require('mason-tool-installer')
498.526  001.205  000.028: sourcing /home/tinpham/.local/share/nvim/lazy/mason-tool-installer.nvim/plugin/mason-tool-installer.lua
499.428  000.023  000.023: require('illuminate.util')
499.466  000.035  000.035: require('illuminate.config')
499.511  000.043  000.043: require('illuminate.reference')
499.515  000.143  000.042: require('illuminate.highlight')
499.525  000.401  000.258: require('illuminate.engine')
499.642  000.097  000.097: require('illuminate')
499.788  000.770  000.272: sourcing /home/tinpham/.local/share/nvim/lazy/vim-illuminate/plugin/illuminate.vim
500.880  000.076  000.076: require('vim.lsp.log')
501.184  000.301  000.301: require('vim.lsp.protocol')
501.508  000.208  000.208: require('vim.lsp._snippet')
501.559  000.049  000.049: require('vim.highlight')
501.607  000.420  000.163: require('vim.lsp.util')
501.624  000.927  000.130: require('vim.lsp.handlers')
501.759  000.133  000.133: require('vim.lsp.rpc')
501.821  000.060  000.060: require('vim.lsp.sync')
501.914  000.090  000.090: require('vim.lsp.buf')
501.973  000.057  000.057: require('vim.lsp.diagnostic')
502.032  000.057  000.057: require('vim.lsp.codelens')
502.142  001.828  000.504: require('vim.lsp')
502.180  001.897  000.069: sourcing /home/tinpham/.local/share/nvim/lazy/nvim-lspconfig/plugin/lspconfig.lua
502.306  000.038  000.038: require('schemastore')
503.458  001.149  001.149: require('schemastore.catalog')
504.387  000.038  000.038: require('cmp_nvim_lsp.source')
504.392  000.080  000.042: require('cmp_nvim_lsp')
504.451  000.027  000.027: require('config.lsp.handlers')
504.474  002.244  000.949: require('config.lsp')
504.614  000.049  000.049: require('null-ls.utils')
504.784  000.166  000.166: require('vim.diagnostic')
504.796  000.266  000.051: require('null-ls.config')
504.844  000.024  000.024: require('null-ls.helpers.cache')
504.882  000.037  000.037: require('null-ls.helpers.diagnostics')
504.915  000.031  000.031: require('null-ls.helpers.formatter_factory')
505.041  000.043  000.043: require('null-ls.logger')
505.075  000.032  000.032: require('null-ls.state')
505.078  000.161  000.086: require('null-ls.helpers.generator_factory')
505.131  000.027  000.027: require('null-ls.helpers.command_resolver')
505.133  000.054  000.027: require('null-ls.helpers.make_builtin')
505.159  000.023  000.023: require('null-ls.helpers.range_formatting_args_factory')
505.161  000.363  000.034: require('null-ls.helpers')
505.313  000.075  000.075: require('null-ls.methods')
505.319  000.126  000.050: require('null-ls.diagnostics')
505.326  000.164  000.038: require('null-ls.sources')
505.365  000.030  000.030: require('null-ls.builtins')
505.368  000.862  000.039: require('null-ls')
505.418  000.049  000.049: require('null-ls.builtins.formatting.prettierd')
505.485  000.064  000.064: require('null-ls.builtins.formatting.eslint_d')
505.521  000.033  000.033: require('null-ls.builtins.formatting.shfmt')
505.552  000.029  000.029: require('null-ls.builtins.formatting.fixjson')
505.629  000.074  000.074: require('null-ls.builtins.formatting.clang_format')
505.669  000.037  000.037: require('null-ls.builtins.formatting.sqlfluff')
505.711  000.040  000.040: require('null-ls.builtins.formatting.stylua')
505.850  000.116  000.116: require('null-ls.builtins.diagnostics.eslint')
505.904  000.190  000.074: require('null-ls.builtins.diagnostics.eslint_d')
506.049  000.142  000.142: require('null-ls.builtins.diagnostics.sqlfluff')
506.162  000.071  000.071: require('null-ls.builtins.diagnostics.selene')
506.253  000.054  000.054: require('null-ls.builtins.diagnostics.shellcheck')
506.405  000.111  000.111: require('null-ls.builtins.code_actions.eslint')
506.423  000.154  000.043: require('null-ls.builtins.code_actions.eslint_d')
506.462  000.037  000.037: require('null-ls.builtins.hover.dictionary')
506.464  001.989  000.153: require('config.lsp.null-ls')
507.130  000.058  000.058: require('null-ls.client')
507.181  000.031  000.031: require('config.lsp.installer')
507.355  000.111  000.111: require('lspconfig.util')
507.360  000.152  000.041: require('lspconfig.configs')
507.363  000.180  000.028: require('lspconfig')
507.401  000.037  000.037: require('config.icons')
507.428  000.025  000.025: require('mason')
507.569  000.063  000.063: require('mason.api.command')
507.702  000.054  000.054: require('mason-lspconfig')
507.727  000.021  000.021: require('mason-lspconfig.settings')
507.764  000.031  000.031: require('mason-lspconfig.lspconfig_hook')
507.858  000.040  000.040: require('mason-core.functional.table')
507.911  000.146  000.105: require('mason-lspconfig.mappings.server')
507.966  000.049  000.049: require('mason-lspconfig.server_config_extensions')
508.016  000.048  000.048: require('lspconfig.server_configurations.omnisharp')
508.074  000.017  000.017: require('mason-core.notify')
508.076  000.041  000.025: require('mason-lspconfig.ensure_installed')
508.199  000.041  000.041: require('mason-core.result')
508.458  000.123  000.123: require('mason-core.process')
508.494  000.239  000.116: require('mason-core.spawn')
508.539  000.044  000.044: require('mason-core.receipt')
508.640  000.090  000.090: require('mason-core.functional.string')
508.655  000.454  000.082: require('mason-core.installer.context')
508.691  000.034  000.034: require('mason-core.installer.linker')
508.727  000.035  000.035: require('mason-core.async.control')
508.750  000.635  000.071: require('mason-core.installer')
508.808  000.057  000.057: require('mason-core.installer.handle')
509.090  000.165  000.165: require('mason-core.managers.powershell')
509.093  000.196  000.031: require('mason-core.fetch')
509.095  000.224  000.029: require('mason-core.managers.cargo.client')
509.202  000.047  000.047: require('mason-core.managers.std')
509.257  000.024  000.024: require('mason-core.providers')
509.270  000.066  000.042: require('mason-core.managers.github.client')
509.276  000.180  000.067: require('mason-core.managers.github')
509.293  000.458  000.053: require('mason-core.managers.cargo')
509.383  000.089  000.089: require('mason-core.managers.composer')
509.467  000.082  000.082: require('mason-core.managers.gem')
509.500  000.031  000.031: require('mason-core.managers.git')
509.569  000.067  000.067: require('mason-core.managers.go')
509.627  000.056  000.056: require('mason-core.managers.luarocks')
509.672  000.043  000.043: require('mason-core.managers.npm')
509.718  000.044  000.044: require('mason-core.managers.pip3')
509.728  000.917  000.047: require('mason-core.package.version-check')
509.736  001.658  000.049: require('mason-core.package')
509.778  000.035  000.035: require('mason-registry.lua-language-server')
509.904  000.032  000.032: require('mason-registry.cucumber-language-server')
509.963  000.052  000.052: require('mason-registry.typescript-language-server')
510.035  000.064  000.064: require('mason-registry.vim-language-server')
510.133  000.091  000.091: require('mason-registry.angular-language-server')
510.184  000.041  000.041: require('mason-registry.jdtls')
510.220  000.028  000.028: require('mason-registry.sqls')
510.256  000.028  000.028: require('mason-registry.json-lsp')
510.320  000.026  000.026: require('mason-core.functional.number')
510.339  000.080  000.054: require('mason-lspconfig.api.command')
510.421  000.036  000.036: require('lspconfig.server_configurations.jsonls')
511.122  000.145  000.145: require('lspconfig.server_configurations.angularls')
511.254  000.037  000.037: require('mason-lspconfig.server_configurations.angularls')
511.353  000.035  000.035: require('lspconfig.server_configurations.sqls')
511.683  000.040  000.040: require('lspconfig.server_configurations.cucumber_language_server')
511.967  000.060  000.060: require('lspconfig.server_configurations.vimls')
512.303  000.055  000.055: require('lspconfig.server_configurations.jdtls')
512.664  000.042  000.042: require('lspconfig.server_configurations.sumneko_lua')
512.707  000.029  000.029: require('neodev')
512.735  000.026  000.026: require('neodev.config')
512.796  000.028  000.028: require('neodev.util')
512.800  000.057  000.030: require('neodev.lsp')
513.726  000.355  000.355: require('typescript.config')
513.858  000.020  000.020: require('typescript.types.methods')
513.882  000.022  000.022: require('typescript.utils')
513.884  000.064  000.022: require('typescript.execute-command')
513.904  000.018  000.018: require('typescript.types.workspace-commands')
513.907  000.114  000.031: require('typescript.go-to-source-definition')
514.046  000.138  000.138: require('typescript.rename-file')
514.095  000.046  000.046: require('typescript.source-actions')
514.098  000.342  000.044: require('typescript.commands')
514.121  000.022  000.022: require('typescript.handlers')
514.155  000.031  000.031: require('lspconfig.server_configurations.tsserver')
514.173  000.443  000.049: require('typescript.lsp')
514.176  000.906  000.108: require('typescript')
514.566  000.037  000.037: require('lspconfig.server_configurations.yamlls')
515.293  000.290  000.290: require('config.alpha')
515.382  000.086  000.086: require('alpha')
515.437  000.053  000.053: require('alpha.themes.dashboard')
515.614  000.131  000.131: require('alpha.fortune')
515.847  000.028  000.028: sourcing /home/tinpham/.local/share/nvim/lazy/plenary.nvim/plugin/plenary.vim
516.405  000.414  000.414: sourcing /usr/share/nvim/runtime/plugin/fzf.vim
516.560  000.116  000.116: sourcing /usr/share/nvim/runtime/plugin/gzip.vim
516.607  000.009  000.009: sourcing /usr/share/nvim/runtime/plugin/health.vim
516.664  000.039  000.039: sourcing /usr/share/nvim/runtime/plugin/man.lua
517.068  000.157  000.157: sourcing /usr/share/nvim/runtime/pack/dist/opt/matchit/plugin/matchit.vim
517.115  000.431  000.275: sourcing /usr/share/nvim/runtime/plugin/matchit.vim
517.242  000.105  000.105: sourcing /usr/share/nvim/runtime/plugin/matchparen.vim
517.488  000.223  000.223: sourcing /usr/share/nvim/runtime/plugin/netrwPlugin.vim
517.626  000.007  000.007: sourcing /home/tinpham/.local/share/nvim/rplugin.vim
517.633  000.110  000.103: sourcing /usr/share/nvim/runtime/plugin/rplugin.vim
517.696  000.041  000.041: sourcing /usr/share/nvim/runtime/plugin/shada.vim
517.747  000.017  000.017: sourcing /usr/share/nvim/runtime/plugin/spellfile.vim
517.858  000.073  000.073: sourcing /usr/share/nvim/runtime/plugin/tarPlugin.vim
517.971  000.078  000.078: sourcing /usr/share/nvim/runtime/plugin/tohtml.vim
518.026  000.014  000.014: sourcing /usr/share/nvim/runtime/plugin/tutor.vim
518.189  000.109  000.109: sourcing /usr/share/nvim/runtime/plugin/zipPlugin.vim
518.409  000.015  000.015: sourcing /home/tinpham/.local/share/nvim/lazy/cmp-tabnine/after/plugin/cmp-tabnine.lua
518.776  000.312  000.312: require('cmp_nvim_lsp_signature_help')
518.805  000.354  000.042: sourcing /home/tinpham/.local/share/nvim/lazy/cmp-nvim-lsp-signature-help/after/plugin/cmp_nvim_lsp_signature_help.lua
518.897  000.033  000.033: require('cmp_emoji')
518.914  000.064  000.031: sourcing /home/tinpham/.local/share/nvim/lazy/cmp-emoji/after/plugin/cmp_emoji.lua
519.037  000.034  000.034: require('cmp-spell')
519.059  000.082  000.048: sourcing /home/tinpham/.local/share/nvim/lazy/cmp-spell/after/plugin/cmp-spell.lua
519.164  000.042  000.042: require('cmp_calc')
519.179  000.070  000.028: sourcing /home/tinpham/.local/share/nvim/lazy/cmp-calc/after/plugin/cmp_calc.lua
519.315  000.074  000.074: require('cmp_cmdline')
519.331  000.113  000.039: sourcing /home/tinpham/.local/share/nvim/lazy/cmp-cmdline/after/plugin/cmp_cmdline.lua
519.444  000.056  000.056: require('cmp_path')
519.460  000.087  000.031: sourcing /home/tinpham/.local/share/nvim/lazy/cmp-path/after/plugin/cmp_path.lua
519.700  000.073  000.073: require('cmp_buffer.timer')
519.706  000.129  000.057: require('cmp_buffer.buffer')
519.709  000.162  000.032: require('cmp_buffer.source')
519.713  000.190  000.028: require('cmp_buffer')
519.728  000.224  000.034: sourcing /home/tinpham/.local/share/nvim/lazy/cmp-buffer/after/plugin/cmp_buffer.lua
519.903  000.103  000.103: require('cmp_luasnip')
519.968  000.186  000.082: sourcing /home/tinpham/.local/share/nvim/lazy/cmp_luasnip/after/plugin/cmp_luasnip.lua
520.051  000.024  000.024: sourcing /home/tinpham/.local/share/nvim/lazy/cmp-nvim-lsp/after/plugin/cmp_nvim_lsp.lua
520.479  000.386  000.386: sourcing /home/tinpham/.config/nvim/after/plugin/defaults.lua
520.551  000.039  000.039: sourcing /home/tinpham/.config/nvim/after/plugin/keymaps.lua
520.620  517.177  483.471: sourcing /home/tinpham/.config/nvim/init.lua
520.628  000.416: sourcing vimrc file(s)
520.822  000.022  000.022: sourcing /usr/share/nvim/runtime/filetype.lua
520.852  000.012  000.012: sourcing /usr/share/nvim/runtime/filetype.vim
521.116  000.058  000.058: sourcing /usr/share/nvim/runtime/syntax/synload.vim
521.211  000.290  000.232: sourcing /usr/share/nvim/runtime/syntax/syntax.vim
521.222  000.270: inits 3
525.765  004.542: reading ShaDa
525.904  000.081  000.081: require('luasnip.loaders.from_lua')
526.001  000.054  000.054: require('luasnip.loaders.from_snipmate')
526.072  000.051  000.051: require('luasnip.loaders.from_vscode')
526.239  000.288: opening buffers
526.433  000.194: BufEnter autocommands
526.436  000.003: editing files in windows
526.614  000.154  000.154: require('mason-core.terminator')


times in msec
 clock   self+sourced   self:  sourced script
 clock   elapsed:              other lines

000.034  000.034: --- NVIM STARTING ---
000.367  000.333: event init
000.633  000.265: early init
000.777  000.145: locale set
000.875  000.098: init first window
001.242  000.367: inits 1
001.250  000.008: window checked
001.253  000.003: parsing arguments
001.678  000.055  000.055: require('vim.shared')
001.783  000.049  000.049: require('vim._meta')
001.785  000.103  000.054: require('vim._editor')
001.786  000.182  000.023: require('vim._init_packages')
001.806  000.371: init lua interpreter
001.846  000.040: expanding arguments
001.885  000.039: inits 2
002.077  000.193: init highlight
002.079  000.001: waiting for UI
002.875  000.796: done waiting for UI
002.885  000.010: init screen for UI
002.993  000.108: init default mappings
003.001  000.008: init default autocommands
003.317  000.043  000.043: sourcing /usr/share/nvim/runtime/ftplugin.vim
003.363  000.022  000.022: sourcing /usr/share/nvim/runtime/indent.vim
003.457  000.074  000.074: sourcing /etc/vim/sysinit.vim
003.582  000.085  000.085: require('config')
003.620  000.036  000.036: require('plugins')
003.995  000.309  000.309: require('lazy')
004.025  000.012  000.012: require('ffi')
004.353  000.327  000.327: require('lazy.core.cache')
007.365  000.040  000.040: require('lazy.stats')
007.414  000.034  000.034: require('lazy.core.util')
007.456  000.040  000.040: require('lazy.core.config')
007.500  000.016  000.016: require('lazy.core.handler')
007.567  000.066  000.066: require('lazy.core.plugin')
007.572  000.114  000.032: require('lazy.core.loader')
007.810  000.046  000.046: require('plugins')
007.990  000.018  000.018: require('plugins.alpha')
008.140  000.046  000.046: require('plugins')
008.649  000.023  000.023: require('plugins.nvim-tree')
009.099  000.029  000.029: require('lazy.core.handler.keys')
009.126  000.021  000.021: require('lazy.core.handler.cmd')
009.171  000.025  000.025: require('lazy.core.handler.event')
009.174  000.046  000.021: require('lazy.core.handler.ft')
009.210  000.006  000.006: require('vim.keymap')
010.035  000.100  000.100: sourcing /usr/share/nvim/runtime/filetype.lua
010.352  000.036  000.036: sourcing /home/tinpham/.local/share/nvim/lazy/nvim-web-devicons/plugin/nvim-web-devicons.vim
010.476  000.106  000.106: require('config.web-devicons')
010.684  000.005  000.005: require('vim.F')
010.689  000.210  000.205: require('nvim-web-devicons')
010.921  000.022  000.022: require('config.alpha')
011.099  000.175  000.175: require('alpha')
011.138  000.037  000.037: require('alpha.themes.dashboard')
011.283  000.063  000.063: require('alpha.fortune')
011.734  000.145  000.145: require('config.rose-pine')
011.776  000.017  000.017: require('rose-pine.util')
011.779  000.043  000.025: require('rose-pine')
012.513  000.089  000.089: require('rose-pine.theme')
012.570  000.053  000.053: require('rose-pine.palette')
014.388  001.990  001.848: sourcing /home/tinpham/.local/share/nvim/lazy/neovim/colors/rose-pine.lua
014.857  000.033  000.033: require('nvim-treesitter.utils')
015.032  000.012  000.012: require('vim.treesitter.language')
015.040  000.047  000.034: require('vim.treesitter.query')
015.067  000.026  000.026: require('vim.treesitter.languagetree')
015.111  000.143  000.070: require('vim.treesitter')
015.238  000.378  000.235: require('nvim-treesitter.parsers')
015.373  000.033  000.033: require('nvim-treesitter.ts_utils')
015.378  000.058  000.026: require('nvim-treesitter.tsrange')
015.394  000.014  000.014: require('nvim-treesitter.caching')
015.401  000.105  000.032: require('nvim-treesitter.query')
015.421  000.157  000.052: require('nvim-treesitter.configs')
015.423  000.183  000.027: require('nvim-treesitter.info')
015.483  000.059  000.059: require('nvim-treesitter.shell_command_selectors')
015.502  000.757  000.104: require('nvim-treesitter.install')
015.604  000.079  000.079: require('nvim-treesitter.statusline')
015.646  000.040  000.040: require('nvim-treesitter.query_predicates')
015.648  001.047  000.172: require('nvim-treesitter')
015.973  001.388  000.341: sourcing /home/tinpham/.local/share/nvim/lazy/nvim-treesitter/plugin/nvim-treesitter.lua
016.017  000.021  000.021: require('config.treesitter')
017.347  000.024  000.024: require('nvim-treesitter.highlight')
017.554  000.075  000.075: require('nvim-treesitter.indent')
017.604  000.020  000.020: require('config.autopairs')
017.670  000.016  000.016: require('nvim-autopairs._log')
017.697  000.025  000.025: require('nvim-autopairs.utils')
017.785  000.027  000.027: require('nvim-autopairs.conds')
017.791  000.054  000.027: require('nvim-autopairs.rule')
017.793  000.095  000.041: require('nvim-autopairs.rules.basic')
017.800  000.194  000.058: require('nvim-autopairs')
018.297  000.082  000.082: require('nvim-autopairs.ts-conds')
018.300  000.109  000.027: require('nvim-autopairs.rules.ts_basic')
018.335  000.033  000.033: require('vim.treesitter.highlighter')
019.025  000.022  000.022: sourcing /home/tinpham/.local/share/nvim/lazy/plenary.nvim/plugin/plenary.vim
019.794  000.432  000.432: sourcing /usr/share/nvim/runtime/plugin/fzf.vim
019.965  000.146  000.146: sourcing /usr/share/nvim/runtime/plugin/gzip.vim
019.996  000.009  000.009: sourcing /usr/share/nvim/runtime/plugin/health.vim
020.045  000.030  000.030: sourcing /usr/share/nvim/runtime/plugin/man.lua
020.350  000.124  000.124: sourcing /usr/share/nvim/runtime/pack/dist/opt/matchit/plugin/matchit.vim
020.398  000.323  000.198: sourcing /usr/share/nvim/runtime/plugin/matchit.vim
020.562  000.144  000.144: sourcing /usr/share/nvim/runtime/plugin/matchparen.vim
020.834  000.238  000.238: sourcing /usr/share/nvim/runtime/plugin/netrwPlugin.vim
020.981  000.007  000.007: sourcing /home/tinpham/.local/share/nvim/rplugin.vim
020.988  000.123  000.115: sourcing /usr/share/nvim/runtime/plugin/rplugin.vim
021.057  000.042  000.042: sourcing /usr/share/nvim/runtime/plugin/shada.vim
021.100  000.017  000.017: sourcing /usr/share/nvim/runtime/plugin/spellfile.vim
021.196  000.074  000.074: sourcing /usr/share/nvim/runtime/plugin/tarPlugin.vim
021.276  000.053  000.053: sourcing /usr/share/nvim/runtime/plugin/tohtml.vim
021.315  000.013  000.013: sourcing /usr/share/nvim/runtime/plugin/tutor.vim
021.444  000.106  000.106: sourcing /usr/share/nvim/runtime/plugin/zipPlugin.vim
021.971  000.283  000.283: sourcing /home/tinpham/.config/nvim/after/plugin/defaults.lua
022.045  000.042  000.042: sourcing /home/tinpham/.config/nvim/after/plugin/keymaps.lua
022.184  018.708  010.588: sourcing /home/tinpham/.config/nvim/init.lua
022.192  000.344: sourcing vimrc file(s)
022.374  000.017  000.017: sourcing /usr/share/nvim/runtime/filetype.lua
022.405  000.012  000.012: sourcing /usr/share/nvim/runtime/filetype.vim
022.568  000.061  000.061: sourcing /usr/share/nvim/runtime/syntax/synload.vim
022.629  000.183  000.122: sourcing /usr/share/nvim/runtime/syntax/syntax.vim
022.640  000.236: inits 3
027.308  004.668: reading ShaDa
027.464  000.156: opening buffers
027.651  000.187: BufEnter autocommands
027.654  000.003: editing files in windows
